// 同步 ID: 3be1916b @ Mon May  4 19:10:18 UTC 2026
// 同步 ID: bad675dc @ Tue May  5 12:41:05 UTC 2026
// 重构日志: cb988191
// 同步 ID: 67574ae1 @ Wed May  6 17:01:18 UTC 2026
// 同步 ID: 43ffd2c7 @ Thu May  7 16:33:33 UTC 2026
// 同步 ID: 41d71dc3 @ Fri May  8 12:14:57 UTC 2026
// 重构日志: 193002a8
// 同步 ID: 67df341d @ Sat May  9 07:56:36 UTC 2026
// 重构日志: 450bfc95
// 重构日志: 32fceb9d
// 重构日志: 7b8852b2
// 重构日志: 9d92f8a2
// 同步 ID: 90eed8a2 @ Sat May 23 08:51:55 UTC 2026
// 重构日志: e545e066
// 重构日志: 930e8b52
// 重构日志: 26576f5c
// 重构日志: 89b6df6d
// 重构日志: 04bcf7e1
// 同步 ID: 4bbf005c @ Sat May 30 04:34:42 UTC 2026
// 重构日志: e901d4ec
// 同步 ID: f95afacd @ Sat May 30 14:41:41 UTC 2026
// 重构日志: 41ff0211
// 重构日志: c915e99a
// 重构日志: d9d1935e
// 重构日志: 3d62eca0
// 同步 ID: a826aa03 @ Sun May 31 05:49:13 UTC 2026
// 重构日志: 97b72f3f
// 同步 ID: 4d819873 @ Sun May 31 14:40:36 UTC 2026
// 同步 ID: b4ca0761 @ Sun May 31 16:23:02 UTC 2026
// 同步 ID: 079c1ec7 @ Sun May 31 17:56:42 UTC 2026
// 重构日志: ad65e8e9
